<?xml version="1.0" encoding="UTF-8"?>
<testsuite xmlns:xsi="http://www.w3.org/2001/XMLSchema-instance" xsi:noNamespaceSchemaLocation="https://maven.apache.org/surefire/maven-surefire-plugin/xsd/surefire-test-report-3.0.xsd" version="3.0" name="ca.jrvs.apps.practice.LambdaStreamExcImpTest" time="0.249" tests="13" errors="0" skipped="0" failures="0">
  <properties>
    <property name="awt.toolkit" value="sun.awt.X11.XToolkit"/>
    <property name="file.encoding.pkg" value="sun.io"/>
    <property name="java.specification.version" value="1.8"/>
    <property name="sun.cpu.isalist" value=""/>
    <property name="sun.jnu.encoding" value="UTF-8"/>
    <property name="java.class.path" value="/home/centos/dev/jarvis_data_eng_Calvin/core_java/grep/target/test-classes:/home/centos/dev/jarvis_data_eng_Calvin/core_java/grep/target/classes:/home/centos/.m2/repository/org/slf4j/slf4j-log4j12/1.7.30/slf4j-log4j12-1.7.30.jar:/home/centos/.m2/repository/org/slf4j/slf4j-api/1.7.30/slf4j-api-1.7.30.jar:/home/centos/.m2/repository/log4j/log4j/1.2.17/log4j-1.2.17.jar:/home/centos/.m2/repository/junit/junit/4.12/junit-4.12.jar:/home/centos/.m2/repository/org/hamcrest/hamcrest-core/1.3/hamcrest-core-1.3.jar:"/>
    <property name="java.vm.vendor" value="Red Hat, Inc."/>
    <property name="sun.arch.data.model" value="64"/>
    <property name="java.vendor.url" value="https://www.redhat.com/"/>
    <property name="user.timezone" value=""/>
    <property name="java.vm.specification.version" value="1.8"/>
    <property name="os.name" value="Linux"/>
    <property name="user.country" value="US"/>
    <property name="sun.java.launcher" value="SUN_STANDARD"/>
    <property name="sun.boot.library.path" value="/usr/lib/jvm/java-1.8.0-openjdk-1.8.0.362.b08-1.el7_9.x86_64/jre/lib/amd64"/>
    <property name="sun.java.command" value="/home/centos/dev/jarvis_data_eng_Calvin/core_java/grep/target/surefire/surefirebooter-20230213081524781_3.jar /home/centos/dev/jarvis_data_eng_Calvin/core_java/grep/target/surefire 2023-02-13T08-15-24_304-jvmRun1 surefire-20230213081524781_1tmp surefire_0-20230213081524781_2tmp"/>
    <property name="surefire.test.class.path" value="/home/centos/dev/jarvis_data_eng_Calvin/core_java/grep/target/test-classes:/home/centos/dev/jarvis_data_eng_Calvin/core_java/grep/target/classes:/home/centos/.m2/repository/org/slf4j/slf4j-log4j12/1.7.30/slf4j-log4j12-1.7.30.jar:/home/centos/.m2/repository/org/slf4j/slf4j-api/1.7.30/slf4j-api-1.7.30.jar:/home/centos/.m2/repository/log4j/log4j/1.2.17/log4j-1.2.17.jar:/home/centos/.m2/repository/junit/junit/4.12/junit-4.12.jar:/home/centos/.m2/repository/org/hamcrest/hamcrest-core/1.3/hamcrest-core-1.3.jar:"/>
    <property name="sun.cpu.endian" value="little"/>
    <property name="user.home" value="/home/centos"/>
    <property name="user.language" value="en"/>
    <property name="java.specification.vendor" value="Oracle Corporation"/>
    <property name="java.home" value="/usr/lib/jvm/java-1.8.0-openjdk-1.8.0.362.b08-1.el7_9.x86_64/jre"/>
    <property name="basedir" value="/home/centos/dev/jarvis_data_eng_Calvin/core_java/grep"/>
    <property name="file.separator" value="/"/>
    <property name="line.separator" value="&#10;"/>
    <property name="java.vm.specification.vendor" value="Oracle Corporation"/>
    <property name="java.specification.name" value="Java Platform API Specification"/>
    <property name="java.awt.graphicsenv" value="sun.awt.X11GraphicsEnvironment"/>
    <property name="surefire.real.class.path" value="/home/centos/dev/jarvis_data_eng_Calvin/core_java/grep/target/surefire/surefirebooter-20230213081524781_3.jar"/>
    <property name="sun.boot.class.path" value="/usr/lib/jvm/java-1.8.0-openjdk-1.8.0.362.b08-1.el7_9.x86_64/jre/lib/resources.jar:/usr/lib/jvm/java-1.8.0-openjdk-1.8.0.362.b08-1.el7_9.x86_64/jre/lib/rt.jar:/usr/lib/jvm/java-1.8.0-openjdk-1.8.0.362.b08-1.el7_9.x86_64/jre/lib/sunrsasign.jar:/usr/lib/jvm/java-1.8.0-openjdk-1.8.0.362.b08-1.el7_9.x86_64/jre/lib/jsse.jar:/usr/lib/jvm/java-1.8.0-openjdk-1.8.0.362.b08-1.el7_9.x86_64/jre/lib/jce.jar:/usr/lib/jvm/java-1.8.0-openjdk-1.8.0.362.b08-1.el7_9.x86_64/jre/lib/charsets.jar:/usr/lib/jvm/java-1.8.0-openjdk-1.8.0.362.b08-1.el7_9.x86_64/jre/lib/jfr.jar:/usr/lib/jvm/java-1.8.0-openjdk-1.8.0.362.b08-1.el7_9.x86_64/jre/classes"/>
    <property name="sun.management.compiler" value="HotSpot 64-Bit Tiered Compilers"/>
    <property name="java.runtime.version" value="1.8.0_362-b08"/>
    <property name="user.name" value="centos"/>
    <property name="path.separator" value=":"/>
    <property name="os.version" value="3.10.0-1160.83.1.el7.x86_64"/>
    <property name="java.endorsed.dirs" value="/usr/lib/jvm/java-1.8.0-openjdk-1.8.0.362.b08-1.el7_9.x86_64/jre/lib/endorsed"/>
    <property name="java.runtime.name" value="OpenJDK Runtime Environment"/>
    <property name="file.encoding" value="UTF-8"/>
    <property name="java.vm.name" value="OpenJDK 64-Bit Server VM"/>
    <property name="localRepository" value="/home/centos/.m2/repository"/>
    <property name="java.vendor.url.bug" value="https://bugzilla.redhat.com/enter_bug.cgi?product=Red%20Hat%20Enterprise%20Linux%207&amp;component=java-1.8.0-openjdk"/>
    <property name="java.io.tmpdir" value="/tmp"/>
    <property name="java.version" value="1.8.0_362"/>
    <property name="user.dir" value="/home/centos/dev/jarvis_data_eng_Calvin/core_java/grep"/>
    <property name="os.arch" value="amd64"/>
    <property name="java.vm.specification.name" value="Java Virtual Machine Specification"/>
    <property name="java.awt.printerjob" value="sun.print.PSPrinterJob"/>
    <property name="sun.os.patch.level" value="unknown"/>
    <property name="java.library.path" value="/usr/java/packages/lib/amd64:/usr/lib64:/lib64:/lib:/usr/lib"/>
    <property name="java.vm.info" value="mixed mode"/>
    <property name="java.vendor" value="Red Hat, Inc."/>
    <property name="java.vm.version" value="25.362-b08"/>
    <property name="java.specification.maintenance.version" value="4"/>
    <property name="java.ext.dirs" value="/usr/lib/jvm/java-1.8.0-openjdk-1.8.0.362.b08-1.el7_9.x86_64/jre/lib/ext:/usr/java/packages/lib/ext"/>
    <property name="sun.io.unicode.encoding" value="UnicodeLittle"/>
    <property name="java.class.version" value="52.0"/>
  </properties>
  <testcase name="testCreateIntStream" classname="ca.jrvs.apps.practice.LambdaStreamExcImpTest" time="0.089">
    <system-out><![CDATA[1
2
3
]]></system-out>
  </testcase>
  <testcase name="createIntStream" classname="ca.jrvs.apps.practice.LambdaStreamExcImpTest" time="0">
    <system-out><![CDATA[1
2
3
]]></system-out>
  </testcase>
  <testcase name="filter" classname="ca.jrvs.apps.practice.LambdaStreamExcImpTest" time="0.01"/>
  <testcase name="getOdd" classname="ca.jrvs.apps.practice.LambdaStreamExcImpTest" time="0.001">
    <system-out><![CDATA[1
3
]]></system-out>
  </testcase>
  <testcase name="printOdd" classname="ca.jrvs.apps.practice.LambdaStreamExcImpTest" time="0">
    <system-out><![CDATA[odd number:1!
odd number:3!
]]></system-out>
  </testcase>
  <testcase name="getLambdaPrinter" classname="ca.jrvs.apps.practice.LambdaStreamExcImpTest" time="0.001">
    <system-out><![CDATA[start>Message body<end
]]></system-out>
  </testcase>
  <testcase name="toList" classname="ca.jrvs.apps.practice.LambdaStreamExcImpTest" time="0">
    <system-out><![CDATA[[aBc, DeF, gHi]
]]></system-out>
  </testcase>
  <testcase name="printMessages" classname="ca.jrvs.apps.practice.LambdaStreamExcImpTest" time="0.013">
    <system-out><![CDATA[msg:a!
msg:b!
msg:c!
]]></system-out>
  </testcase>
  <testcase name="toUpperCase" classname="ca.jrvs.apps.practice.LambdaStreamExcImpTest" time="0">
    <system-out><![CDATA[ABC
DEF
GHI
]]></system-out>
  </testcase>
  <testcase name="squareRootIntStream" classname="ca.jrvs.apps.practice.LambdaStreamExcImpTest" time="0.001">
    <system-out><![CDATA[1.0
1.4142135623730951
1.7320508075688772
]]></system-out>
  </testcase>
  <testcase name="flatNestedInt" classname="ca.jrvs.apps.practice.LambdaStreamExcImpTest" time="0.016">
    <system-out><![CDATA[1
4
9
16
25
36
49
64
]]></system-out>
  </testcase>
  <testcase name="testToList" classname="ca.jrvs.apps.practice.LambdaStreamExcImpTest" time="0">
    <system-out><![CDATA[[1, 2, 3]
]]></system-out>
  </testcase>
  <testcase name="createStrStream" classname="ca.jrvs.apps.practice.LambdaStreamExcImpTest" time="0.005">
    <system-out><![CDATA[aBc
DeF
gHi
]]></system-out>
  </testcase>
</testsuite>